proguard/seeds.txt
org.uusoftware.kit.MainActivity
org.uusoftware.kit.MainActivity: MainActivity()
org.uusoftware.kit.R$anim: int abc_fade_in
org.uusoftware.kit.R$anim: int abc_fade_out
org.uusoftware.kit.R$anim: int abc_grow_fade_in_from_bottom
org.uusoftware.kit.R$anim: int abc_popup_enter
org.uusoftware.kit.R$anim: int abc_popup_exit
org.uusoftware.kit.R$anim: int abc_shrink_fade_out_from_bottom
org.uusoftware.kit.R$anim: int abc_slide_in_bottom
org.uusoftware.kit.R$anim: int abc_slide_in_top
org.uusoftware.kit.R$anim: int abc_slide_out_bottom
org.uusoftware.kit.R$anim: int abc_slide_out_top
org.uusoftware.kit.R$array: int array1
org.uusoftware.kit.R$array: int array2
org.uusoftware.kit.R$array: int nav_drawer_icons
org.uusoftware.kit.R$array: int nav_drawer_items
org.uusoftware.kit.R$attr: int actionBarDivider
org.uusoftware.kit.R$attr: int actionBarItemBackground
org.uusoftware.kit.R$attr: int actionBarPopupTheme
org.uusoftware.kit.R$attr: int actionBarSize
org.uusoftware.kit.R$attr: int actionBarSplitStyle
org.uusoftware.kit.R$attr: int actionBarStyle
org.uusoftware.kit.R$attr: int actionBarTabBarStyle
org.uusoftware.kit.R$attr: int actionBarTabStyle
org.uusoftware.kit.R$attr: int actionBarTabTextStyle
org.uusoftware.kit.R$attr: int actionBarTheme
org.uusoftware.kit.R$attr: int actionBarWidgetTheme
org.uusoftware.kit.R$attr: int actionButtonStyle
org.uusoftware.kit.R$attr: int actionDropDownStyle
org.uusoftware.kit.R$attr: int actionLayout
org.uusoftware.kit.R$attr: int actionMenuTextAppearance
org.uusoftware.kit.R$attr: int actionMenuTextColor
org.uusoftware.kit.R$attr: int actionModeBackground
org.uusoftware.kit.R$attr: int actionModeCloseButtonStyle
org.uusoftware.kit.R$attr: int actionModeCloseDrawable
org.uusoftware.kit.R$attr: int actionModeCopyDrawable
org.uusoftware.kit.R$attr: int actionModeCutDrawable
org.uusoftware.kit.R$attr: int actionModeFindDrawable
org.uusoftware.kit.R$attr: int actionModePasteDrawable
org.uusoftware.kit.R$attr: int actionModePopupWindowStyle
org.uusoftware.kit.R$attr: int actionModeSelectAllDrawable
org.uusoftware.kit.R$attr: int actionModeShareDrawable
org.uusoftware.kit.R$attr: int actionModeSplitBackground
org.uusoftware.kit.R$attr: int actionModeStyle
org.uusoftware.kit.R$bool: int abc_action_bar_embed_tabs
org.uusoftware.kit.R$bool: int abc_action_bar_embed_tabs_pre_jb
org.uusoftware.kit.R$bool: int abc_action_bar_expanded_action_views_exclusive
org.uusoftware.kit.R$bool: int abc_config_actionMenuItemAllCaps
org.uusoftware.kit.R$bool: int abc_config_allowActionMenuItemTextWithIcon
org.uusoftware.kit.R$bool: int abc_config_closeDialogWhenTouchOutside
org.uusoftware.kit.R$bool: int abc_config_showMenuShortcutsWhenKeyboardPresent
org.uusoftware.kit.R$bool: int appirator_test_mode
...
com.google.android.gms.plus.Plus
com.google.android.gms.plus.Plus$PlusOptions
com.google.android.gms.plus.Plus$PlusOptions$Builder
com.google.android.gms.plus.Plus$zza
com.google.android.gms.plus.PlusOneButton
com.google.android.gms.plus.PlusOneButton: void setOnPlusOneClickListener(com.google.android.gms.plus.PlusOneButton$OnPlusOneClickListener)
com.google.android.gms.plus.PlusOneButton: void setAnnotation(int)
com.google.android.gms.plus.PlusOneButton: void setSize(int)
com.google.android.gms.plus.PlusOneButton: void setIntent(android.content.Intent)
com.google.android.gms.plus.PlusOneButton$DefaultOnPlusOneClickListener
com.google.android.gms.plus.PlusOneButton$OnPlusOneClickListener
com.google.android.gms.plus.PlusOneDummyView
com.google.android.gms.plus.PlusShare
com.google.android.gms.plus.PlusShare$Builder
com.google.android.gms.plus.internal.PlusCommonExtras
com.google.android.gms.plus.internal.PlusSession
com.google.android.gms.plus.internal.model.moments.ItemScopeEntity
com.google.android.gms.plus.internal.model.moments.MomentEntity
com.google.android.gms.plus.internal.model.moments.zza
com.google.android.gms.plus.internal.model.moments.zzb
com.google.android.gms.plus.internal.model.moments.zzc
com.google.android.gms.plus.internal.model.people.PersonEntity
com.google.android.gms.plus.internal.model.people.PersonEntity$AgeRangeEntity
com.google.android.gms.plus.internal.model.people.PersonEntity$CoverEntity
com.google.android.gms.plus.internal.model.people.PersonEntity$CoverEntity$CoverInfoEntity
com.google.android.gms.plus.internal.model.people.PersonEntity$CoverEntity$CoverPhotoEntity
com.google.android.gms.plus.internal.model.people.PersonEntity$ImageEntity
com.google.android.gms.plus.internal.model.people.PersonEntity$NameEntity
com.google.android.gms.plus.internal.model.people.PersonEntity$OrganizationsEntity
com.google.android.gms.plus.internal.model.people.PersonEntity$PlacesLivedEntity
com.google.android.gms.plus.internal.model.people.PersonEntity$UrlsEntity
com.google.android.gms.plus.internal.model.people.PersonEntity$zza
com.google.android.gms.plus.internal.model.people.zza
com.google.android.gms.plus.internal.model.people.zzb
com.google.android.gms.plus.internal.model.people.zzc
com.google.android.gms.plus.internal.model.people.zzd
com.google.android.gms.plus.internal.model.people.zze
com.google.android.gms.plus.internal.model.people.zzf
com.google.android.gms.plus.internal.model.people.zzg
com.google.android.gms.plus.internal.model.people.zzh
com.google.android.gms.plus.internal.model.people.zzi
com.google.android.gms.plus.internal.model.people.zzj
com.google.android.gms.plus.internal.model.people.zzk
com.google.android.gms.plus.internal.zza
com.google.android.gms.plus.internal.zzb
com.google.android.gms.plus.internal.zzb$zza
com.google.android.gms.plus.internal.zzc
com.google.android.gms.plus.internal.zzc$zza
com.google.android.gms.plus.internal.zzd
com.google.android.gms.plus.internal.zzd$zza
com.google.android.gms.plus.internal.zze
com.google.android.gms.plus.internal.zzf
com.google.android.gms.plus.internal.zzg
com.google.android.gms.plus.internal.zzh
com.google.android.gms.plus.model.moments.ItemScope
com.google.android.gms.plus.model.moments.ItemScope$Builder
com.google.android.gms.plus.model.moments.Moment
com.google.android.gms.plus.model.moments.Moment$Builder
com.google.android.gms.plus.model.moments.MomentBuffer
com.google.android.gms.plus.model.people.Person
com.google.android.gms.plus.model.people.Person$AgeRange
com.google.android.gms.plus.model.people.Person$Cover
com.google.android.gms.plus.model.people.Person$Cover$CoverInfo
com.google.android.gms.plus.model.people.Person$Cover$CoverPhoto
com.google.android.gms.plus.model.people.Person$Cover$Layout
com.google.android.gms.plus.model.people.Person$Gender
com.google.android.gms.plus.model.people.Person$Image
com.google.android.gms.plus.model.people.Person$Name
com.google.android.gms.plus.model.people.Person$ObjectType