proguard/mapping.txt
org.uusoftware.kit.AboutUsFragment -> org.uusoftware.kit.a:
    java.lang.String str -> a
    java.lang.String str2 -> b
    org.uusoftware.kit.adapter.ExpandListAdapter ExpAdapter -> c
    java.util.ArrayList ExpListItems -> d
    android.widget.ExpandableListView ExpandList -> e
    android.view.View onCreateView(android.view.LayoutInflater,android.view.ViewGroup,android.os.Bundle) -> a
    java.util.ArrayList SetStandardGroups() -> a
org.uusoftware.kit.AboutUsFragment$1 -> org.uusoftware.kit.b:
    org.uusoftware.kit.AboutUsFragment this$0 -> a
    boolean onChildClick(android.widget.ExpandableListView,android.view.View,int,int,long) -> onChildClick
org.uusoftware.kit.FourthFragment -> org.uusoftware.kit.c:
    android.hardware.SensorManager mSensorManager -> b
    boolean hasSensor -> c
    com.androidplot.xy.XYPlot aprHistoryPlot -> d
    com.androidplot.xy.SimpleXYSeries azimuthHistorySeries -> e
    android.widget.TextView Gravity -> a
    void onCreate(android.os.Bundle) -> a
    android.view.View onCreateView(android.view.LayoutInflater,android.view.ViewGroup,android.os.Bundle) -> a
    void onAccuracyChanged(android.hardware.Sensor,int) -> onAccuracyChanged
    void onPause() -> C
    void onResume() -> B
    void onDestroy() -> D
    void onSensorChanged(android.hardware.SensorEvent) -> onSensorChanged
org.uusoftware.kit.HomeFragment -> org.uusoftware.kit.d:
    android.hardware.SensorManager mSensorManager -> b
    boolean hasSensor -> c
    com.androidplot.xy.XYPlot aprHistoryPlot -> d
    com.androidplot.xy.SimpleXYSeries azimuthHistorySeries -> e
    android.widget.TextView Barometer -> a
    void onCreate(android.os.Bundle) -> a
    android.view.View onCreateView(android.view.LayoutInflater,android.view.ViewGroup,android.os.Bundle) -> a
    void onAccuracyChanged(android.hardware.Sensor,int) -> onAccuracyChanged
    void onPause() -> C
    void onResume() -> B
    void onDestroy() -> D
    void onSensorChanged(android.hardware.SensorEvent) -> onSensorChanged
org.uusoftware.kit.MainActivity -> org.uusoftware.kit.MainActivity:
    android.support.v4.widget.DrawerLayout mDrawerLayout -> q
    android.widget.ListView mDrawerList -> r
    android.support.v7.app.ActionBarDrawerToggle mDrawerToggle -> s
    java.lang.CharSequence mDrawerTitle -> t
    java.lang.CharSequence mTitle -> u
    java.lang.String[] navMenuTitles -> v
    android.content.res.TypedArray navMenuIcons -> w
    java.util.ArrayList navDrawerItems -> x
    org.uusoftware.kit.adapter.NavDrawerListAdapter adapter -> y
    android.support.v4.app.Fragment fragment -> i
    android.support.v4.app.FragmentManager fragmentManager -> j
    android.support.v4.app.FragmentTransaction ft -> k
    boolean doubleBackToExitPressedOnce -> l
    java.lang.String str1 -> m
    java.lang.String str2 -> n
    java.lang.String str3 -> o
    java.lang.String str4 -> p
    void onCreate(android.os.Bundle) -> onCreate
    boolean onCreateOptionsMenu(android.view.Menu) -> onCreateOptionsMenu
    boolean onOptionsItemSelected(android.view.MenuItem) -> onOptionsItemSelected
    boolean onPrepareOptionsMenu(android.view.Menu) -> onPrepareOptionsMenu
    void displayView(int) -> a
    void setTitle(java.lang.CharSequence) -> setTitle
    void onPostCreate(android.os.Bundle) -> onPostCreate
    void onConfigurationChanged(android.content.res.Configuration) -> onConfigurationChanged
    void onBackPressed() -> onBackPressed
org.uusoftware.kit.MainActivity$1 -> org.uusoftware.kit.e:
    org.uusoftware.kit.MainActivity this$0 -> a
    void onDrawerClosed(android.view.View) -> b
    void onDrawerOpened(android.view.View) -> a
org.uusoftware.kit.MainActivity$2 -> org.uusoftware.kit.f:
    org.uusoftware.kit.MainActivity this$0 -> a
    void run() -> run
org.uusoftware.kit.MainActivity$SlideMenuClickListener -> org.uusoftware.kit.g:
    org.uusoftware.kit.MainActivity this$0 -> a
    void onItemClick(android.widget.AdapterView,android.view.View,int,long) -> onItemClick
...
com.google.android.gms.maps.model.Polyline -> com.google.android.gms.maps.model.Polyline:
    com.google.android.gms.maps.model.internal.IPolylineDelegate zzaHE -> a
    boolean equals(java.lang.Object) -> equals
    int hashCode() -> hashCode
com.google.android.gms.maps.model.PolylineOptions -> com.google.android.gms.maps.model.PolylineOptions:
    com.google.android.gms.maps.model.zzi CREATOR -> a
    int mVersionCode -> b
    java.util.List zzaHB -> c
    float zzaHe -> d
    int mColor -> e
    float zzaGZ -> f
    boolean zzaHa -> g
    boolean zzaHD -> h
    void writeToParcel(android.os.Parcel,int) -> writeToParcel
    int describeContents() -> describeContents
    int getVersionCode() -> a
    java.util.List getPoints() -> b
    float getWidth() -> c
    int getColor() -> d
    float getZIndex() -> e
    boolean isVisible() -> f
    boolean isGeodesic() -> g
com.google.android.gms.maps.model.RuntimeRemoteException -> com.google.android.gms.maps.model.RuntimeRemoteException:
com.google.android.gms.maps.model.StreetViewPanoramaCamera -> com.google.android.gms.maps.model.StreetViewPanoramaCamera:
    com.google.android.gms.maps.model.zzj CREATOR -> a
    int mVersionCode -> e
    float zoom -> b
    float tilt -> c
    float bearing -> d
    com.google.android.gms.maps.model.StreetViewPanoramaOrientation zzaHF -> f
    void writeToParcel(android.os.Parcel,int) -> writeToParcel
    int describeContents() -> describeContents
    int hashCode() -> hashCode
    int getVersionCode() -> a
    boolean equals(java.lang.Object) -> equals
    java.lang.String toString() -> toString
com.google.android.gms.maps.model.StreetViewPanoramaCamera$Builder -> com.google.android.gms.maps.model.StreetViewPanoramaCamera$Builder:
com.google.android.gms.maps.model.StreetViewPanoramaLink -> com.google.android.gms.maps.model.StreetViewPanoramaLink:
    com.google.android.gms.maps.model.zzk CREATOR -> a
    int mVersionCode -> d
    java.lang.String panoId -> b
    float bearing -> c
    void writeToParcel(android.os.Parcel,int) -> writeToParcel
    int describeContents() -> describeContents
    int hashCode() -> hashCode
    int getVersionCode() -> a
    boolean equals(java.lang.Object) -> equals
    java.lang.String toString() -> toString
com.google.android.gms.maps.model.StreetViewPanoramaLocation -> com.google.android.gms.maps.model.StreetViewPanoramaLocation:
    com.google.android.gms.maps.model.zzl CREATOR -> a
    int mVersionCode -> e
    com.google.android.gms.maps.model.StreetViewPanoramaLink[] links -> b
    com.google.android.gms.maps.model.LatLng position -> c
    java.lang.String panoId -> d
    void writeToParcel(android.os.Parcel,int) -> writeToParcel
    int describeContents() -> describeContents
    int hashCode() -> hashCode
    int getVersionCode() -> a
    boolean equals(java.lang.Object) -> equals
    java.lang.String toString() -> toString
com.google.android.gms.maps.model.StreetViewPanoramaOrientation -> com.google.android.gms.maps.model.StreetViewPanoramaOrientation:
    com.google.android.gms.maps.model.zzm CREATOR -> a
    int mVersionCode -> d
    float tilt -> b
    float bearing -> c
    void writeToParcel(android.os.Parcel,int) -> writeToParcel
    int describeContents() -> describeContents
    int hashCode() -> hashCode
    int getVersionCode() -> a
    boolean equals(java.lang.Object) -> equals
    java.lang.String toString() -> toString
com.google.android.gms.maps.model.StreetViewPanoramaOrientation$Builder -> com.google.android.gms.maps.model.StreetViewPanoramaOrientation$Builder:
    float bearing -> a
    float tilt -> b
    com.google.android.gms.maps.model.StreetViewPanoramaOrientation$Builder tilt(float) -> a
    com.google.android.gms.maps.model.StreetViewPanoramaOrientation$Builder bearing(float) -> b
    com.google.android.gms.maps.model.StreetViewPanoramaOrientation build() -> a