proguard/usage.txt
org.uusoftware.kit.BuildConfig
org.uusoftware.kit.FourthFragment:
    private static final int HISTORY_SIZE
org.uusoftware.kit.HomeFragment:
    private static final int HISTORY_SIZE
org.uusoftware.kit.R
org.uusoftware.kit.R$anim
org.uusoftware.kit.R$array
org.uusoftware.kit.R$attr
org.uusoftware.kit.R$bool
org.uusoftware.kit.R$color
org.uusoftware.kit.R$dimen
org.uusoftware.kit.R$drawable
org.uusoftware.kit.R$id
org.uusoftware.kit.R$integer
org.uusoftware.kit.R$layout
org.uusoftware.kit.R$menu
org.uusoftware.kit.R$raw
org.uusoftware.kit.R$string
org.uusoftware.kit.R$style
org.uusoftware.kit.R$styleable
org.uusoftware.kit.SecondFragment:
    private static final int HISTORY_SIZE
org.uusoftware.kit.ThirdFragment:
    private static final int HISTORY_SIZE
org.uusoftware.kit.model.NavDrawerItem:
    19:25:public NavDrawerItem(java.lang.String,int,boolean,java.lang.String)
    44:45:public void setTitle(java.lang.String)
    48:49:public void setIcon(int)
    52:53:public void setCount(java.lang.String)
    56:57:public void setCounterVisibility(boolean)
...
com.google.android.gms.internal.zzet:
    public void onClick(com.google.ads.mediation.MediationBannerAdapter)
    public void onDismissScreen(com.google.ads.mediation.MediationBannerAdapter)
    public void onFailedToReceiveAd(com.google.ads.mediation.MediationBannerAdapter,com.google.ads.AdRequest$ErrorCode)
    public void onLeaveApplication(com.google.ads.mediation.MediationBannerAdapter)
    public void onPresentScreen(com.google.ads.mediation.MediationBannerAdapter)
    public void onReceivedAd(com.google.ads.mediation.MediationBannerAdapter)
    public void onDismissScreen(com.google.ads.mediation.MediationInterstitialAdapter)
    public void onFailedToReceiveAd(com.google.ads.mediation.MediationInterstitialAdapter,com.google.ads.AdRequest$ErrorCode)
    public void onLeaveApplication(com.google.ads.mediation.MediationInterstitialAdapter)
    public void onPresentScreen(com.google.ads.mediation.MediationInterstitialAdapter)
    public void onReceivedAd(com.google.ads.mediation.MediationInterstitialAdapter)
    static synthetic com.google.android.gms.internal.zzej zza(com.google.android.gms.internal.zzet)
com.google.android.gms.internal.zzet$1
com.google.android.gms.internal.zzet$10
com.google.android.gms.internal.zzet$11
com.google.android.gms.internal.zzet$2
com.google.android.gms.internal.zzet$3
com.google.android.gms.internal.zzet$4
com.google.android.gms.internal.zzet$5
com.google.android.gms.internal.zzet$6
com.google.android.gms.internal.zzet$7
com.google.android.gms.internal.zzet$8
com.google.android.gms.internal.zzet$9
com.google.android.gms.internal.zzeu:
    public static int zza(com.google.ads.AdRequest$ErrorCode)
com.google.android.gms.internal.zzeu$1
com.google.android.gms.internal.zzft:
    public boolean isVerified()
    public java.lang.String getProductId()
    public android.content.Intent getPurchaseData()
    public int getResultCode()
    public void finishPurchase()
com.google.android.gms.internal.zzfu:
    public java.lang.String getProductId()
    public void recordResolution(int)
    public void recordPlayBillingResolution(int)
com.google.android.gms.internal.zzgw:
    private final android.content.Context mContext
    private final com.google.android.gms.ads.internal.util.client.VersionInfoParcel zzpa
    public zzgw(android.content.Context,com.google.android.gms.internal.zzeh,com.google.android.gms.ads.internal.util.client.VersionInfoParcel)
com.google.android.gms.internal.zzgx:
    public zzgx(android.content.Context,com.google.android.gms.ads.internal.client.AdSizeParcel,com.google.android.gms.internal.zzeh,com.google.android.gms.ads.internal.util.client.VersionInfoParcel)
com.google.android.gms.internal.zzil:
    public static void zza(android.view.View,android.view.ViewTreeObserver$OnGlobalLayoutListener)
    public static void zza(android.view.View,android.view.ViewTreeObserver$OnScrollChangedListener)
com.google.android.gms.internal.zzim
com.google.android.gms.internal.zzin
com.google.android.gms.internal.zzio
com.google.android.gms.internal.zzjg:
    public static com.google.android.gms.appdatasearch.UsageInfo zza(com.google.android.gms.appindexing.Action,long,java.lang.String,int)
    static com.google.android.gms.internal.zznw$zzc zzf(android.os.Bundle)
    private static com.google.android.gms.appdatasearch.DocumentSection zza(java.lang.String,com.google.android.gms.internal.zznw$zzc)